<?xml version="1.0" encoding="UTF-8"?>
<!-- Generated by org.testng.reporters.JUnitReportReporter -->
<testsuite hostname="LAPTOP-89J8GLLP" failures="0" tests="1" name="RA_GraphQL.Query_Mutation" time="2.577" errors="0" timestamp="2024-09-20T18:48:36 IST" skipped="0">
  <testcase classname="RA_GraphQL.Query_Mutation" name="Query_Mutation_GraphQLTest" time="2.577"/>
  <system-out/>
</testsuite> <!-- RA_GraphQL.Query_Mutation -->
