<?xml version="1.0" encoding="UTF-8"?>
<!-- Generated by org.testng.reporters.JUnitReportReporter -->
<testsuite hostname="LAPTOP-89J8GLLP" failures="0" tests="3" name="package1.DynamicJson" time="2.041" errors="0" timestamp="2024-09-05T09:26:46 IST" skipped="0">
  <testcase classname="package1.DynamicJson" name="AddBook" time="0.184"/>
  <system-out/>
  <testcase classname="package1.DynamicJson" name="AddBook" time="1.676"/>
  <system-out/>
  <testcase classname="package1.DynamicJson" name="AddBook" time="0.181"/>
  <system-out/>
</testsuite> <!-- package1.DynamicJson -->
