<?xml version="1.0" encoding="UTF-8"?>
<!-- Generated by org.testng.reporters.JUnitReportReporter -->
<testsuite hostname="LAPTOP-89J8GLLP" failures="0" tests="1" name="package1.OAuth2point_O_Test" time="2.969" errors="0" timestamp="2024-09-20T18:38:45 IST" skipped="0">
  <testcase classname="package1.OAuth2point_O_Test" name="OAuthTest" time="2.969"/>
  <system-out/>
</testsuite> <!-- package1.OAuth2point_O_Test -->
