<?xml version="1.0" encoding="UTF-8"?>
<!-- Generated by org.testng.reporters.JUnitReportReporter -->
<testsuite hostname="LAPTOP-89J8GLLP" failures="0" tests="1" name="SpecBuilders.SpecBuilders_Basics" time="2.438" errors="0" timestamp="2024-09-07T21:57:28 IST" skipped="0">
  <testcase classname="SpecBuilders.SpecBuilders_Basics" name="BasicTest" time="2.438"/>
  <system-out/>
</testsuite> <!-- SpecBuilders.SpecBuilders_Basics -->
