<?xml version="1.0" encoding="UTF-8"?>
<!-- Generated by org.testng.reporters.JUnitReportReporter -->
<testsuite hostname="LAPTOP-89J8GLLP" failures="0" tests="1" name="PojoCalsses.OAuth_ClientCredentialsTest_PojoClass" time="3.005" errors="0" timestamp="2024-09-07T14:29:35 IST" skipped="0">
  <testcase classname="PojoCalsses.OAuth_ClientCredentialsTest_PojoClass" name="OAuthTest" time="3.005"/>
  <system-out/>
</testsuite> <!-- PojoCalsses.OAuth_ClientCredentialsTest_PojoClass -->
