<?xml version="1.0" encoding="UTF-8"?>
<!-- Generated by org.testng.reporters.JUnitReportReporter -->
<testsuite hostname="LAPTOP-89J8GLLP" failures="0" tests="1" name="package1.Basics" time="7.018" errors="0" timestamp="2024-09-19T21:18:13 IST" skipped="0">
  <testcase classname="package1.Basics" name="BasicTest" time="7.018"/>
  <system-out/>
</testsuite> <!-- package1.Basics -->
