<?xml version="1.0" encoding="UTF-8"?>
<!-- Generated by org.testng.reporters.JUnitReportReporter -->
<testsuite hostname="LAPTOP-89J8GLLP" failures="0" tests="1" name="package1.OAuth_ClientCredentialsTest" time="3.289" errors="0" timestamp="2024-09-20T18:39:40 IST" skipped="0">
  <testcase classname="package1.OAuth_ClientCredentialsTest" name="OAuthTest" time="3.289"/>
  <system-out/>
</testsuite> <!-- package1.OAuth_ClientCredentialsTest -->
