<?xml version="1.0" encoding="UTF-8"?>
<!-- Generated by org.testng.reporters.JUnitReportReporter -->
<testsuite hostname="LAPTOP-89J8GLLP" failures="0" tests="1" name="Pojo_GoogleAPIContract.GoogleAPI_RestCode" time="4.047" errors="0" timestamp="2024-09-13T09:18:20 IST" skipped="0">
  <testcase classname="Pojo_GoogleAPIContract.GoogleAPI_RestCode" name="GoogleAPI_RestCode_Test" time="4.047"/>
  <system-out/>
</testsuite> <!-- Pojo_GoogleAPIContract.GoogleAPI_RestCode -->
