<?xml version="1.0" encoding="UTF-8"?>
<!-- Generated by org.testng.reporters.JUnitReportReporter -->
<testsuite hostname="LAPTOP-89J8GLLP" failures="0" tests="1" name="Ecommerce_APITesting.Ecommerce_APIAll" time="5.096" errors="0" timestamp="2024-09-10T22:25:44 IST" skipped="0">
  <testcase classname="Ecommerce_APITesting.Ecommerce_APIAll" name="EcommerceAllApiTest" time="5.096"/>
  <system-out/>
</testsuite> <!-- Ecommerce_APITesting.Ecommerce_APIAll -->
