<?xml version="1.0" encoding="UTF-8"?>
<!-- Generated by org.testng.reporters.JUnitReportReporter -->
<testsuite hostname="LAPTOP-89J8GLLP" failures="0" tests="1" name="package1.OAuth_ClientCredentialsTest_1" time="2.687" errors="0" timestamp="2024-09-07T13:38:17 IST" skipped="0">
  <testcase classname="package1.OAuth_ClientCredentialsTest_1" name="OAuthTest" time="2.687"/>
  <system-out/>
</testsuite> <!-- package1.OAuth_ClientCredentialsTest_1 -->
