<?xml version="1.0" encoding="UTF-8"?>
<!-- Generated by org.testng.reporters.JUnitReportReporter -->
<testsuite hostname="LAPTOP-89J8GLLP" failures="0" tests="1" name="package1.Basics_1" time="2.024" errors="0" timestamp="2024-09-05T09:51:39 IST" skipped="0">
  <testcase classname="package1.Basics_1" name="BasicTest" time="2.024"/>
  <system-out/>
</testsuite> <!-- package1.Basics_1 -->
