<?xml version="1.0" encoding="UTF-8"?>
<!-- Generated by org.testng.reporters.JUnitReportReporter -->
<testsuite hostname="LAPTOP-89J8GLLP" failures="0" tests="1" name="package1.complexJsonParse" time="2.391" errors="0" timestamp="2024-09-03T23:00:53 IST" skipped="0">
  <testcase classname="package1.complexJsonParse" name="complexJsonParseTest" time="2.391"/>
  <system-out/>
</testsuite> <!-- package1.complexJsonParse -->
